ISim log file
Running: F:\CECS 440\Lab 3 - Single Cycle MIPS Processor\Single_Cell_MIPS_Processor\SingleCycle_tb_isim_beh.exe -gui -tclbatch isim.cmd -wdb F:/CECS 440/Lab 3 - Single Cycle MIPS Processor/Single_Cell_MIPS_Processor/SingleCycle_tb_isim_beh.wdb 
INFO: There is another simulation running in the same directory. Using database file name isim1.wdb.
ISim M.63c (signature 0x7dea747)
WARNING: A WEBPACK license was found.
WARNING: Please use Xilinx License Configuration Manager to check out a full ISim license.
WARNING: ISim will run in Lite mode. Please refer to the ISim documentation for more information on the differences between the Lite and the Full version.
This is a Lite version of ISim.
Time resolution is 1 ps
# onerror resume
# wave add /
# run 1000 ns
Simulator is doing circuit initialization process.
Finished circuit initialization process.
# restart
# run 1.00us
Simulator is doing circuit initialization process.
Finished circuit initialization process.
# restart
# run 1.00us
Simulator is doing circuit initialization process.
Finished circuit initialization process.
# restart
# run 1.00us
Simulator is doing circuit initialization process.
Finished circuit initialization process.
